D:\VISUALSTUDIO\REMOCO\REMOCO\DEBUG\REMOCO.PCH
D:\VISUALSTUDIO\REMOCO\REMOCO\DEBUG\STDAFX.OBJ
D:\VISUALSTUDIO\REMOCO\REMOCO\DEBUG\VC110.PDB
D:\VISUALSTUDIO\REMOCO\REMOCO\DEBUG\REMOCO.OBJ
D:\VISUALSTUDIO\REMOCO\REMOCO\DEBUG\NETWORK.OBJ
D:\VISUALSTUDIO\REMOCO\DEBUG\REMOCO.ILK
D:\VISUALSTUDIO\REMOCO\DEBUG\REMOCO.EXE
D:\VISUALSTUDIO\REMOCO\DEBUG\REMOCO.PDB
D:\VISUALSTUDIO\REMOCO\REMOCO\DEBUG\REMOCO.RES
D:\GitHub\ReMoCo\Windows\ReMoCo\Debug\network.obj
D:\GitHub\ReMoCo\Windows\ReMoCo\Debug\ReMoCo.obj
D:\GitHub\ReMoCo\Windows\ReMoCo\Debug\stdafx.obj
D:\GitHub\ReMoCo\Windows\ReMoCo\Debug\cl.command.1.tlog
D:\GitHub\ReMoCo\Windows\ReMoCo\Debug\CL.read.1.tlog
D:\GitHub\ReMoCo\Windows\ReMoCo\Debug\CL.write.1.tlog
D:\GitHub\ReMoCo\Windows\ReMoCo\Debug\link-cvtres.read.1.tlog
D:\GitHub\ReMoCo\Windows\ReMoCo\Debug\link-cvtres.write.1.tlog
D:\GitHub\ReMoCo\Windows\ReMoCo\Debug\link-rc.read.1.tlog
D:\GitHub\ReMoCo\Windows\ReMoCo\Debug\link-rc.write.1.tlog
D:\GitHub\ReMoCo\Windows\ReMoCo\Debug\link.1900-cvtres.read.1.tlog
D:\GitHub\ReMoCo\Windows\ReMoCo\Debug\link.1900-cvtres.write.1.tlog
D:\GitHub\ReMoCo\Windows\ReMoCo\Debug\link.1900-rc.read.1.tlog
D:\GitHub\ReMoCo\Windows\ReMoCo\Debug\link.1900-rc.write.1.tlog
D:\GitHub\ReMoCo\Windows\ReMoCo\Debug\link.1900.read.1.tlog
D:\GitHub\ReMoCo\Windows\ReMoCo\Debug\link.1900.write.1.tlog
D:\GitHub\ReMoCo\Windows\ReMoCo\Debug\link.5656-cvtres.read.1.tlog
D:\GitHub\ReMoCo\Windows\ReMoCo\Debug\link.5656-cvtres.write.1.tlog
D:\GitHub\ReMoCo\Windows\ReMoCo\Debug\link.5656-rc.read.1.tlog
D:\GitHub\ReMoCo\Windows\ReMoCo\Debug\link.5656-rc.write.1.tlog
D:\GitHub\ReMoCo\Windows\ReMoCo\Debug\link.5656.read.1.tlog
D:\GitHub\ReMoCo\Windows\ReMoCo\Debug\link.5656.write.1.tlog
D:\GitHub\ReMoCo\Windows\ReMoCo\Debug\link.6620-cvtres.read.1.tlog
D:\GitHub\ReMoCo\Windows\ReMoCo\Debug\link.6620-cvtres.write.1.tlog
D:\GitHub\ReMoCo\Windows\ReMoCo\Debug\link.6620-rc.read.1.tlog
D:\GitHub\ReMoCo\Windows\ReMoCo\Debug\link.6620-rc.write.1.tlog
D:\GitHub\ReMoCo\Windows\ReMoCo\Debug\link.6620.read.1.tlog
D:\GitHub\ReMoCo\Windows\ReMoCo\Debug\link.6620.write.1.tlog
D:\GitHub\ReMoCo\Windows\ReMoCo\Debug\link.command.1.tlog
D:\GitHub\ReMoCo\Windows\ReMoCo\Debug\link.read.1.tlog
D:\GitHub\ReMoCo\Windows\ReMoCo\Debug\link.write.1.tlog
D:\GitHub\ReMoCo\Windows\ReMoCo\Debug\rc.command.1.tlog
D:\GitHub\ReMoCo\Windows\ReMoCo\Debug\rc.read.1.tlog
D:\GitHub\ReMoCo\Windows\ReMoCo\Debug\rc.write.1.tlog
D:\GitHub\ReMoCo\Windows\ReMoCo\Debug\ReMoCo.res
D:\GitHub\ReMoCo\Windows\ReMoCo\Debug\ReMoCo.pch
D:\GitHub\ReMoCo\Windows\ReMoCo\Debug\vc110.idb
D:\GitHub\ReMoCo\Windows\ReMoCo\Debug\vc110.pdb
D:\GitHub\ReMoCo\Windows\Debug\ReMoCo.pdb
D:\GitHub\ReMoCo\Windows\Debug\ReMoCo.exe
D:\GitHub\ReMoCo\Windows\Debug\ReMoCo.ilk
